<?xml version="1.0" encoding="UTF-8"?>
<coverage generated="1576524935455" clover="3.2.0">
  <project timestamp="1576524935455" name="All files">
    <metrics statements="112" coveredstatements="78" conditionals="18" coveredconditionals="10" methods="63" coveredmethods="28" elements="193" coveredelements="116" complexity="0" loc="112" ncloc="112" packages="6" files="15" classes="15"/>
    <package name="src">
      <metrics statements="14" coveredstatements="12" conditionals="2" coveredconditionals="2" methods="6" coveredmethods="4"/>
      <file name="useElementSize.js" path="/Users/mac/Apps/reactive-d3/src/useElementSize.js">
        <metrics statements="14" coveredstatements="12" conditionals="2" coveredconditionals="2" methods="6" coveredmethods="4"/>
        <line num="7" count="6" type="stmt"/>
        <line num="8" count="6" type="stmt"/>
        <line num="10" count="6" type="stmt"/>
        <line num="11" count="3" type="stmt"/>
        <line num="14" count="6" type="stmt"/>
        <line num="15" count="6" type="cond" truecount="2" falsecount="0"/>
        <line num="16" count="3" type="stmt"/>
        <line num="17" count="3" type="stmt"/>
        <line num="18" count="0" type="stmt"/>
        <line num="19" count="0" type="stmt"/>
        <line num="25" count="3" type="stmt"/>
        <line num="27" count="3" type="stmt"/>
        <line num="29" count="3" type="stmt"/>
        <line num="33" count="6" type="stmt"/>
      </file>
    </package>
    <package name="src.components">
      <metrics statements="30" coveredstatements="20" conditionals="2" coveredconditionals="0" methods="22" coveredmethods="2"/>
      <file name="App.js" path="/Users/mac/Apps/reactive-d3/src/components/App.js">
        <metrics statements="30" coveredstatements="20" conditionals="2" coveredconditionals="0" methods="22" coveredmethods="2"/>
        <line num="10" count="1" type="stmt"/>
        <line num="11" count="0" type="stmt"/>
        <line num="13" count="1" type="stmt"/>
        <line num="14" count="0" type="stmt"/>
        <line num="17" count="1" type="stmt"/>
        <line num="18" count="1" type="stmt"/>
        <line num="19" count="1" type="stmt"/>
        <line num="20" count="1" type="stmt"/>
        <line num="22" count="1" type="stmt"/>
        <line num="23" count="1" type="stmt"/>
        <line num="24" count="1" type="stmt"/>
        <line num="25" count="1" type="stmt"/>
        <line num="26" count="1" type="stmt"/>
        <line num="27" count="1" type="stmt"/>
        <line num="28" count="1" type="stmt"/>
        <line num="29" count="1" type="stmt"/>
        <line num="30" count="1" type="stmt"/>
        <line num="31" count="1" type="stmt"/>
        <line num="36" count="6" type="stmt"/>
        <line num="38" count="6" type="stmt"/>
        <line num="55" count="6" type="stmt"/>
        <line num="63" count="6" type="stmt"/>
        <line num="70" count="0" type="stmt"/>
        <line num="72" count="0" type="cond" truecount="0" falsecount="2"/>
        <line num="73" count="0" type="stmt"/>
        <line num="75" count="0" type="stmt"/>
        <line num="80" count="0" type="stmt"/>
        <line num="88" count="0" type="stmt"/>
        <line num="95" count="0" type="stmt"/>
        <line num="103" count="0" type="stmt"/>
      </file>
    </package>
    <package name="src.components.ExampleHelpers.ThumbnailSvgs">
      <metrics statements="10" coveredstatements="0" conditionals="0" coveredconditionals="0" methods="10" coveredmethods="0"/>
      <file name="BarChartsSVG.js" path="/Users/mac/Apps/reactive-d3/src/components/ExampleHelpers/ThumbnailSvgs/BarChartsSVG.js">
        <metrics statements="1" coveredstatements="0" conditionals="0" coveredconditionals="0" methods="1" coveredmethods="0"/>
        <line num="5" count="0" type="stmt"/>
      </file>
      <file name="ClocksSVG.js" path="/Users/mac/Apps/reactive-d3/src/components/ExampleHelpers/ThumbnailSvgs/ClocksSVG.js">
        <metrics statements="1" coveredstatements="0" conditionals="0" coveredconditionals="0" methods="1" coveredmethods="0"/>
        <line num="5" count="0" type="stmt"/>
      </file>
      <file name="ClosestCircleSVG.js" path="/Users/mac/Apps/reactive-d3/src/components/ExampleHelpers/ThumbnailSvgs/ClosestCircleSVG.js">
        <metrics statements="1" coveredstatements="0" conditionals="0" coveredconditionals="0" methods="1" coveredmethods="0"/>
        <line num="5" count="0" type="stmt"/>
      </file>
      <file name="ContourSVG.js" path="/Users/mac/Apps/reactive-d3/src/components/ExampleHelpers/ThumbnailSvgs/ContourSVG.js">
        <metrics statements="1" coveredstatements="0" conditionals="0" coveredconditionals="0" methods="1" coveredmethods="0"/>
        <line num="5" count="0" type="stmt"/>
      </file>
      <file name="DayNightSVG.js" path="/Users/mac/Apps/reactive-d3/src/components/ExampleHelpers/ThumbnailSvgs/DayNightSVG.js">
        <metrics statements="1" coveredstatements="0" conditionals="0" coveredconditionals="0" methods="1" coveredmethods="0"/>
        <line num="5" count="0" type="stmt"/>
      </file>
      <file name="FordSVG.js" path="/Users/mac/Apps/reactive-d3/src/components/ExampleHelpers/ThumbnailSvgs/FordSVG.js">
        <metrics statements="1" coveredstatements="0" conditionals="0" coveredconditionals="0" methods="1" coveredmethods="0"/>
        <line num="5" count="0" type="stmt"/>
      </file>
      <file name="LineChartSVG.js" path="/Users/mac/Apps/reactive-d3/src/components/ExampleHelpers/ThumbnailSvgs/LineChartSVG.js">
        <metrics statements="1" coveredstatements="0" conditionals="0" coveredconditionals="0" methods="1" coveredmethods="0"/>
        <line num="4" count="0" type="stmt"/>
      </file>
      <file name="Lower48SVG.js" path="/Users/mac/Apps/reactive-d3/src/components/ExampleHelpers/ThumbnailSvgs/Lower48SVG.js">
        <metrics statements="1" coveredstatements="0" conditionals="0" coveredconditionals="0" methods="1" coveredmethods="0"/>
        <line num="5" count="0" type="stmt"/>
      </file>
      <file name="Pie3versionsSVG.js" path="/Users/mac/Apps/reactive-d3/src/components/ExampleHelpers/ThumbnailSvgs/Pie3versionsSVG.js">
        <metrics statements="1" coveredstatements="0" conditionals="0" coveredconditionals="0" methods="1" coveredmethods="0"/>
        <line num="5" count="0" type="stmt"/>
      </file>
      <file name="RainfallSVG.js" path="/Users/mac/Apps/reactive-d3/src/components/ExampleHelpers/ThumbnailSvgs/RainfallSVG.js">
        <metrics statements="1" coveredstatements="0" conditionals="0" coveredconditionals="0" methods="1" coveredmethods="0"/>
        <line num="5" count="0" type="stmt"/>
      </file>
    </package>
    <package name="src.components.Examples">
      <metrics statements="2" coveredstatements="0" conditionals="0" coveredconditionals="0" methods="1" coveredmethods="0"/>
      <file name="Examples.js" path="/Users/mac/Apps/reactive-d3/src/components/Examples/Examples.js">
        <metrics statements="2" coveredstatements="0" conditionals="0" coveredconditionals="0" methods="1" coveredmethods="0"/>
        <line num="18" count="0" type="stmt"/>
        <line num="20" count="0" type="stmt"/>
      </file>
    </package>
    <package name="src.components.home">
      <metrics statements="50" coveredstatements="41" conditionals="8" coveredconditionals="2" methods="19" coveredmethods="18"/>
      <file name="Home.js" path="/Users/mac/Apps/reactive-d3/src/components/home/Home.js">
        <metrics statements="50" coveredstatements="41" conditionals="8" coveredconditionals="2" methods="19" coveredmethods="18"/>
        <line num="14" count="13" type="stmt"/>
        <line num="15" count="13" type="stmt"/>
        <line num="17" count="104" type="stmt"/>
        <line num="18" count="195" type="stmt"/>
        <line num="19" count="390" type="stmt"/>
        <line num="20" count="13" type="stmt"/>
        <line num="22" count="13" type="stmt"/>
        <line num="25" count="13" type="stmt"/>
        <line num="26" count="13" type="stmt"/>
        <line num="27" count="13" type="stmt"/>
        <line num="28" count="13" type="stmt"/>
        <line num="29" count="13" type="stmt"/>
        <line num="31" count="13" type="stmt"/>
        <line num="33" count="8" type="stmt"/>
        <line num="35" count="0" type="cond" truecount="0" falsecount="4"/>
        <line num="36" count="0" type="stmt"/>
        <line num="38" count="0" type="cond" truecount="0" falsecount="2"/>
        <line num="39" count="0" type="stmt"/>
        <line num="40" count="0" type="stmt"/>
        <line num="43" count="0" type="stmt"/>
        <line num="44" count="0" type="stmt"/>
        <line num="45" count="0" type="stmt"/>
        <line num="46" count="0" type="stmt"/>
        <line num="50" count="8" type="stmt"/>
        <line num="53" count="8" type="stmt"/>
        <line num="57" count="13" type="stmt"/>
        <line num="58" count="8" type="stmt"/>
        <line num="60" count="200" type="stmt"/>
        <line num="72" count="13" type="stmt"/>
        <line num="76" count="13" type="stmt"/>
        <line num="80" count="13" type="stmt"/>
        <line num="81" count="104" type="stmt"/>
        <line num="82" count="104" type="stmt"/>
        <line num="86" count="13" type="stmt"/>
        <line num="90" count="13" type="stmt"/>
        <line num="94" count="13" type="stmt"/>
        <line num="95" count="195" type="stmt"/>
        <line num="96" count="195" type="stmt"/>
        <line num="100" count="13" type="stmt"/>
        <line num="104" count="13" type="stmt"/>
        <line num="108" count="13" type="stmt"/>
        <line num="109" count="390" type="stmt"/>
        <line num="110" count="390" type="stmt"/>
        <line num="113" count="13" type="stmt"/>
        <line num="117" count="13" type="stmt"/>
        <line num="122" count="13" type="stmt"/>
        <line num="132" count="21" type="stmt"/>
        <line num="136" count="21" type="stmt"/>
        <line num="142" count="125" type="stmt"/>
        <line num="156" count="21" type="stmt"/>
      </file>
    </package>
    <package name="src.components.navbar">
      <metrics statements="6" coveredstatements="5" conditionals="6" coveredconditionals="6" methods="5" coveredmethods="4"/>
      <file name="NavBar.js" path="/Users/mac/Apps/reactive-d3/src/components/navbar/NavBar.js">
        <metrics statements="6" coveredstatements="5" conditionals="6" coveredconditionals="6" methods="5" coveredmethods="4"/>
        <line num="7" count="14" type="stmt"/>
        <line num="9" count="14" type="stmt"/>
        <line num="14" count="0" type="stmt"/>
        <line num="44" count="1" type="stmt"/>
        <line num="51" count="1" type="stmt"/>
        <line num="58" count="1" type="stmt"/>
      </file>
    </package>
  </project>
</coverage>
