TN:
SF:/Users/mac/Apps/reactive-d3/src/useElementSize.js
FN:6,(anonymous_0)
FN:10,(anonymous_1)
FN:14,(anonymous_2)
FN:16,(anonymous_3)
FN:17,(anonymous_4)
FN:29,(anonymous_5)
FNF:6
FNH:4
FNDA:6,(anonymous_0)
FNDA:3,(anonymous_1)
FNDA:6,(anonymous_2)
FNDA:3,(anonymous_3)
FNDA:0,(anonymous_4)
FNDA:0,(anonymous_5)
DA:7,6
DA:8,6
DA:10,6
DA:11,3
DA:14,6
DA:15,6
DA:16,3
DA:17,3
DA:18,0
DA:19,0
DA:25,3
DA:27,3
DA:29,3
DA:33,6
LF:14
LH:12
BRDA:15,0,0,3
BRDA:15,0,1,3
BRF:2
BRH:2
end_of_record
TN:
SF:/Users/mac/Apps/reactive-d3/src/components/App.js
FN:11,(anonymous_0)
FN:14,(anonymous_1)
FN:17,(anonymous_2)
FN:18,(anonymous_3)
FN:19,(anonymous_4)
FN:20,(anonymous_5)
FN:22,(anonymous_6)
FN:23,(anonymous_7)
FN:24,(anonymous_8)
FN:25,(anonymous_9)
FN:26,(anonymous_10)
FN:27,(anonymous_11)
FN:28,(anonymous_12)
FN:29,(anonymous_13)
FN:30,(anonymous_14)
FN:31,(anonymous_15)
FN:35,(anonymous_16)
FN:62,(anonymous_17)
FN:69,(anonymous_18)
FN:87,(anonymous_19)
FN:94,(anonymous_20)
FN:102,(anonymous_21)
FNF:22
FNH:2
FNDA:0,(anonymous_0)
FNDA:0,(anonymous_1)
FNDA:0,(anonymous_2)
FNDA:0,(anonymous_3)
FNDA:0,(anonymous_4)
FNDA:0,(anonymous_5)
FNDA:0,(anonymous_6)
FNDA:0,(anonymous_7)
FNDA:0,(anonymous_8)
FNDA:0,(anonymous_9)
FNDA:0,(anonymous_10)
FNDA:0,(anonymous_11)
FNDA:0,(anonymous_12)
FNDA:0,(anonymous_13)
FNDA:0,(anonymous_14)
FNDA:0,(anonymous_15)
FNDA:6,(anonymous_16)
FNDA:6,(anonymous_17)
FNDA:0,(anonymous_18)
FNDA:0,(anonymous_19)
FNDA:0,(anonymous_20)
FNDA:0,(anonymous_21)
DA:10,1
DA:11,0
DA:13,1
DA:14,0
DA:17,1
DA:18,1
DA:19,1
DA:20,1
DA:22,1
DA:23,1
DA:24,1
DA:25,1
DA:26,1
DA:27,1
DA:28,1
DA:29,1
DA:30,1
DA:31,1
DA:36,6
DA:38,6
DA:55,6
DA:63,6
DA:70,0
DA:72,0
DA:73,0
DA:75,0
DA:80,0
DA:88,0
DA:95,0
DA:103,0
LF:30
LH:20
BRDA:72,0,0,0
BRDA:72,0,1,0
BRF:2
BRH:0
end_of_record
TN:
SF:/Users/mac/Apps/reactive-d3/src/components/ExampleHelpers/ThumbnailSvgs/BarChartsSVG.js
FN:4,(anonymous_0)
FNF:1
FNH:0
FNDA:0,(anonymous_0)
DA:5,0
LF:1
LH:0
BRF:0
BRH:0
end_of_record
TN:
SF:/Users/mac/Apps/reactive-d3/src/components/ExampleHelpers/ThumbnailSvgs/ClocksSVG.js
FN:4,(anonymous_0)
FNF:1
FNH:0
FNDA:0,(anonymous_0)
DA:5,0
LF:1
LH:0
BRF:0
BRH:0
end_of_record
TN:
SF:/Users/mac/Apps/reactive-d3/src/components/ExampleHelpers/ThumbnailSvgs/ClosestCircleSVG.js
FN:4,(anonymous_0)
FNF:1
FNH:0
FNDA:0,(anonymous_0)
DA:5,0
LF:1
LH:0
BRF:0
BRH:0
end_of_record
TN:
SF:/Users/mac/Apps/reactive-d3/src/components/ExampleHelpers/ThumbnailSvgs/ContourSVG.js
FN:4,(anonymous_0)
FNF:1
FNH:0
FNDA:0,(anonymous_0)
DA:5,0
LF:1
LH:0
BRF:0
BRH:0
end_of_record
TN:
SF:/Users/mac/Apps/reactive-d3/src/components/ExampleHelpers/ThumbnailSvgs/DayNightSVG.js
FN:4,(anonymous_0)
FNF:1
FNH:0
FNDA:0,(anonymous_0)
DA:5,0
LF:1
LH:0
BRF:0
BRH:0
end_of_record
TN:
SF:/Users/mac/Apps/reactive-d3/src/components/ExampleHelpers/ThumbnailSvgs/FordSVG.js
FN:4,(anonymous_0)
FNF:1
FNH:0
FNDA:0,(anonymous_0)
DA:5,0
LF:1
LH:0
BRF:0
BRH:0
end_of_record
TN:
SF:/Users/mac/Apps/reactive-d3/src/components/ExampleHelpers/ThumbnailSvgs/LineChartSVG.js
FN:3,(anonymous_0)
FNF:1
FNH:0
FNDA:0,(anonymous_0)
DA:4,0
LF:1
LH:0
BRF:0
BRH:0
end_of_record
TN:
SF:/Users/mac/Apps/reactive-d3/src/components/ExampleHelpers/ThumbnailSvgs/Lower48SVG.js
FN:4,(anonymous_0)
FNF:1
FNH:0
FNDA:0,(anonymous_0)
DA:5,0
LF:1
LH:0
BRF:0
BRH:0
end_of_record
TN:
SF:/Users/mac/Apps/reactive-d3/src/components/ExampleHelpers/ThumbnailSvgs/Pie3versionsSVG.js
FN:4,(anonymous_0)
FNF:1
FNH:0
FNDA:0,(anonymous_0)
DA:5,0
LF:1
LH:0
BRF:0
BRH:0
end_of_record
TN:
SF:/Users/mac/Apps/reactive-d3/src/components/ExampleHelpers/ThumbnailSvgs/RainfallSVG.js
FN:4,(anonymous_0)
FNF:1
FNH:0
FNDA:0,(anonymous_0)
DA:5,0
LF:1
LH:0
BRF:0
BRH:0
end_of_record
TN:
SF:/Users/mac/Apps/reactive-d3/src/components/Examples/Examples.js
FN:17,(anonymous_0)
FNF:1
FNH:0
FNDA:0,(anonymous_0)
DA:18,0
DA:20,0
LF:2
LH:0
BRF:0
BRH:0
end_of_record
TN:
SF:/Users/mac/Apps/reactive-d3/src/components/home/Home.js
FN:12,(anonymous_0)
FN:17,(anonymous_1)
FN:18,(anonymous_2)
FN:19,(anonymous_3)
FN:31,(anonymous_4)
FN:33,(anonymous_5)
FN:53,(anonymous_6)
FN:57,(anonymous_7)
FN:59,(anonymous_8)
FN:81,(anonymous_9)
FN:82,(anonymous_10)
FN:95,(anonymous_11)
FN:96,(anonymous_12)
FN:109,(anonymous_13)
FN:110,(anonymous_14)
FN:132,(anonymous_15)
FN:136,(anonymous_16)
FN:141,(anonymous_17)
FN:156,(anonymous_18)
FNF:19
FNH:18
FNDA:13,(anonymous_0)
FNDA:104,(anonymous_1)
FNDA:195,(anonymous_2)
FNDA:390,(anonymous_3)
FNDA:8,(anonymous_4)
FNDA:0,(anonymous_5)
FNDA:3,(anonymous_6)
FNDA:8,(anonymous_7)
FNDA:200,(anonymous_8)
FNDA:104,(anonymous_9)
FNDA:104,(anonymous_10)
FNDA:195,(anonymous_11)
FNDA:195,(anonymous_12)
FNDA:390,(anonymous_13)
FNDA:390,(anonymous_14)
FNDA:21,(anonymous_15)
FNDA:21,(anonymous_16)
FNDA:125,(anonymous_17)
FNDA:21,(anonymous_18)
DA:14,13
DA:15,13
DA:17,104
DA:18,195
DA:19,390
DA:20,13
DA:22,13
DA:25,13
DA:26,13
DA:27,13
DA:28,13
DA:29,13
DA:31,13
DA:33,8
DA:35,0
DA:36,0
DA:38,0
DA:39,0
DA:40,0
DA:43,0
DA:44,0
DA:45,0
DA:46,0
DA:50,8
DA:53,8
DA:57,13
DA:58,8
DA:60,200
DA:72,13
DA:76,13
DA:80,13
DA:81,104
DA:82,104
DA:86,13
DA:90,13
DA:94,13
DA:95,195
DA:96,195
DA:100,13
DA:104,13
DA:108,13
DA:109,390
DA:110,390
DA:113,13
DA:117,13
DA:122,13
DA:132,21
DA:136,21
DA:142,125
DA:156,21
LF:50
LH:41
BRDA:35,0,0,0
BRDA:35,0,1,0
BRDA:35,1,0,0
BRDA:35,1,1,0
BRDA:38,2,0,0
BRDA:38,2,1,0
BRDA:139,3,0,5
BRDA:139,3,1,8
BRF:8
BRH:2
end_of_record
TN:
SF:/Users/mac/Apps/reactive-d3/src/components/navbar/NavBar.js
FN:6,(anonymous_0)
FN:14,(anonymous_1)
FN:44,(anonymous_2)
FN:51,(anonymous_3)
FN:58,(anonymous_4)
FNF:5
FNH:4
FNDA:14,(anonymous_0)
FNDA:0,(anonymous_1)
FNDA:1,(anonymous_2)
FNDA:1,(anonymous_3)
FNDA:1,(anonymous_4)
DA:7,14
DA:9,14
DA:14,0
DA:44,1
DA:51,1
DA:58,1
LF:6
LH:5
BRDA:42,0,0,1
BRDA:42,0,1,13
BRDA:49,1,0,1
BRDA:49,1,1,13
BRDA:56,2,0,1
BRDA:56,2,1,13
BRF:6
BRH:6
end_of_record
